# JRE version: Java(TM) SE Runtime Environment (22.0+36) (build 22+36-2370)
# Java VM: Java HotSpot(TM) 64-Bit Server VM (22+36-2370, mixed mode, sharing, tiered, compressed oops, compressed class ptrs, g1 gc, windows-amd64)
GC Precious Log:
 CardTable entry size: 512
 Card Set container configuration: InlinePtr #cards 5 size 8 Array Of Cards #cards 12 size 40 Howl #buckets 4 coarsen threshold 1843 Howl Bitmap #cards 512 size 80 coarsen threshold 460 Card regions per heap region 1 cards per card region 2048
 CPUs: 8 total, 8 available
 Memory: 8043M
 Large Page Support: Disabled
 NUMA Support: Disabled
 Compressed Oops: Enabled (32-bit)
 Heap Region Size: 1M
 Heap Min Capacity: 8M
 Heap Initial Capacity: 126M
 Heap Max Capacity: 2012M
 Pre-touch: Disabled
 Parallel Workers: 8
 Concurrent Workers: 2
 Concurrent Refinement Workers: 8
 Periodic GC: Disabled
Heap:
 garbage-first heap   total reserved 2060288K, committed 54272K, used 27801K [0x0000000082400000, 0x0000000100000000)
  region size 1024K, 6 young (6144K), 3 survivors (3072K)
 Metaspace       used 54561K, committed 55360K, reserved 1114112K
  class space    used 6900K, committed 7296K, reserved 1048576K
GC Heap History (20 events):
Event: 752.731 GC heap before
{Heap before GC invocations=24 (full 2):
 garbage-first heap   total reserved 2060288K, committed 54272K, used 45567K [0x0000000082400000, 0x0000000100000000)
  region size 1024K, 24 young (24576K), 2 survivors (2048K)
 Metaspace       used 49760K, committed 50496K, reserved 1114112K
  class space    used 6323K, committed 6656K, reserved 1048576K
}
Event: 752.736 GC heap after
{Heap after GC invocations=25 (full 2):
 garbage-first heap   total reserved 2060288K, committed 54272K, used 24376K [0x0000000082400000, 0x0000000100000000)
  region size 1024K, 2 young (2048K), 2 survivors (2048K)
 Metaspace       used 49760K, committed 50496K, reserved 1114112K
  class space    used 6323K, committed 6656K, reserved 1048576K
}
Event: 753.045 GC heap before
{Heap before GC invocations=25 (full 2):
 garbage-first heap   total reserved 2060288K, committed 54272K, used 45880K [0x0000000082400000, 0x0000000100000000)
  region size 1024K, 24 young (24576K), 2 survivors (2048K)
 Metaspace       used 52059K, committed 52800K, reserved 1114112K
  class space    used 6639K, committed 6976K, reserved 1048576K
}
Event: 753.049 GC heap after
{Heap after GC invocations=26 (full 2):
 garbage-first heap   total reserved 2060288K, committed 54272K, used 24946K [0x0000000082400000, 0x0000000100000000)
  region size 1024K, 1 young (1024K), 1 survivors (1024K)
 Metaspace       used 52059K, committed 52800K, reserved 1114112K
  class space    used 6639K, committed 6976K, reserved 1048576K
}
Event: 877.268 GC heap before
{Heap before GC invocations=26 (full 2):
 garbage-first heap   total reserved 2060288K, committed 54272K, used 46450K [0x0000000082400000, 0x0000000100000000)
  region size 1024K, 23 young (23552K), 1 survivors (1024K)
 Metaspace       used 53592K, committed 54336K, reserved 1114112K
  class space    used 6854K, committed 7232K, reserved 1048576K
}
Event: 877.272 GC heap after
{Heap after GC invocations=27 (full 2):
 garbage-first heap   total reserved 2060288K, committed 54272K, used 25297K [0x0000000082400000, 0x0000000100000000)
  region size 1024K, 2 young (2048K), 2 survivors (2048K)
 Metaspace       used 53592K, committed 54336K, reserved 1114112K
  class space    used 6854K, committed 7232K, reserved 1048576K
}
Event: 1148.940 GC heap before
{Heap before GC invocations=28 (full 2):
 garbage-first heap   total reserved 2060288K, committed 54272K, used 45777K [0x0000000082400000, 0x0000000100000000)
  region size 1024K, 22 young (22528K), 2 survivors (2048K)
 Metaspace       used 53734K, committed 54528K, reserved 1114112K
  class space    used 6854K, committed 7232K, reserved 1048576K
}
Event: 1148.944 GC heap after
{Heap after GC invocations=29 (full 2):
 garbage-first heap   total reserved 2060288K, committed 54272K, used 25616K [0x0000000082400000, 0x0000000100000000)
  region size 1024K, 2 young (2048K), 2 survivors (2048K)
 Metaspace       used 53734K, committed 54528K, reserved 1114112K
  class space    used 6854K, committed 7232K, reserved 1048576K
}
Event: 1149.667 GC heap before
{Heap before GC invocations=29 (full 2):
 garbage-first heap   total reserved 2060288K, committed 54272K, used 26640K [0x0000000082400000, 0x0000000100000000)
  region size 1024K, 4 young (4096K), 2 survivors (2048K)
 Metaspace       used 53757K, committed 54592K, reserved 1114112K
  class space    used 6857K, committed 7232K, reserved 1048576K
}
Event: 1149.720 GC heap after
{Heap after GC invocations=30 (full 3):
 garbage-first heap   total reserved 2060288K, committed 54272K, used 21632K [0x0000000082400000, 0x0000000100000000)
  region size 1024K, 0 young (0K), 0 survivors (0K)
 Metaspace       used 53757K, committed 54592K, reserved 1114112K
  class space    used 6857K, committed 7232K, reserved 1048576K
}
Event: 1150.799 GC heap before
{Heap before GC invocations=30 (full 3):
 garbage-first heap   total reserved 2060288K, committed 54272K, used 48256K [0x0000000082400000, 0x0000000100000000)
  region size 1024K, 26 young (26624K), 0 survivors (0K)
 Metaspace       used 53977K, committed 54720K, reserved 1114112K
  class space    used 6870K, committed 7232K, reserved 1048576K
}
Event: 1150.803 GC heap after
{Heap after GC invocations=31 (full 3):
 garbage-first heap   total reserved 2060288K, committed 54272K, used 24313K [0x0000000082400000, 0x0000000100000000)
  region size 1024K, 3 young (3072K), 3 survivors (3072K)
 Metaspace       used 53977K, committed 54720K, reserved 1114112K
  class space    used 6870K, committed 7232K, reserved 1048576K
}
Event: 1211.499 GC heap before
{Heap before GC invocations=31 (full 3):
 garbage-first heap   total reserved 2060288K, committed 54272K, used 44793K [0x0000000082400000, 0x0000000100000000)
  region size 1024K, 23 young (23552K), 3 survivors (3072K)
 Metaspace       used 54205K, committed 54976K, reserved 1114112K
  class space    used 6877K, committed 7232K, reserved 1048576K
}
Event: 1211.509 GC heap after
{Heap after GC invocations=32 (full 3):
 garbage-first heap   total reserved 2060288K, committed 54272K, used 25122K [0x0000000082400000, 0x0000000100000000)
  region size 1024K, 2 young (2048K), 2 survivors (2048K)
 Metaspace       used 54205K, committed 54976K, reserved 1114112K
  class space    used 6877K, committed 7232K, reserved 1048576K
}
Event: 1300.119 GC heap before
{Heap before GC invocations=32 (full 3):
 garbage-first heap   total reserved 2060288K, committed 54272K, used 30242K [0x0000000082400000, 0x0000000100000000)
  region size 1024K, 8 young (8192K), 2 survivors (2048K)
 Metaspace       used 54249K, committed 55040K, reserved 1114112K
  class space    used 6878K, committed 7232K, reserved 1048576K
}
Event: 1300.182 GC heap after
{Heap after GC invocations=33 (full 4):
 garbage-first heap   total reserved 2060288K, committed 54272K, used 21606K [0x0000000082400000, 0x0000000100000000)
  region size 1024K, 0 young (0K), 0 survivors (0K)
 Metaspace       used 54246K, committed 55040K, reserved 1114112K
  class space    used 6877K, committed 7232K, reserved 1048576K
}
Event: 1300.830 GC heap before
{Heap before GC invocations=33 (full 4):
 garbage-first heap   total reserved 2060288K, committed 54272K, used 47206K [0x0000000082400000, 0x0000000100000000)
  region size 1024K, 26 young (26624K), 0 survivors (0K)
 Metaspace       used 54392K, committed 55168K, reserved 1114112K
  class space    used 6890K, committed 7232K, reserved 1048576K
}
Event: 1300.834 GC heap after
{Heap after GC invocations=34 (full 4):
 garbage-first heap   total reserved 2060288K, committed 54272K, used 24293K [0x0000000082400000, 0x0000000100000000)
  region size 1024K, 3 young (3072K), 3 survivors (3072K)
 Metaspace       used 54392K, committed 55168K, reserved 1114112K
  class space    used 6890K, committed 7232K, reserved 1048576K
}
Event: 1337.308 GC heap before
{Heap before GC invocations=34 (full 4):
 garbage-first heap   total reserved 2060288K, committed 54272K, used 45797K [0x0000000082400000, 0x0000000100000000)
  region size 1024K, 24 young (24576K), 3 survivors (3072K)
 Metaspace       used 54555K, committed 55360K, reserved 1114112K
  class space    used 6900K, committed 7296K, reserved 1048576K
}
Event: 1337.313 GC heap after
{Heap after GC invocations=35 (full 4):
 garbage-first heap   total reserved 2060288K, committed 54272K, used 25753K [0x0000000082400000, 0x0000000100000000)
  region size 1024K, 3 young (3072K), 3 survivors (3072K)
 Metaspace       used 54555K, committed 55360K, reserved 1114112K
  class space    used 6900K, committed 7296K, reserved 1048576K
}

